<?xml version="1.0" encoding="UTF-8"?>
<!-- Generated by org.testng.reporters.JUnitReportReporter -->
<testsuite hostname="DESKTOP-AQOJVGU" failures="0" tests="1" name="Set1.Httprequests" time="4.648" errors="0" timestamp="2025-07-17T16:23:58 IST" skipped="0">
  <testcase classname="Set1.Httprequests" name="getUser" time="4.648"/>
</testsuite> <!-- Set1.Httprequests -->
